TN:
SF:unitTestingTask.js
FN:1,(anonymous_0)
FN:3,(anonymous_1)
FN:11,(anonymous_2)
FN:23,leadingZeroes
FN:40,(anonymous_4)
FN:43,(anonymous_5)
FN:46,(anonymous_6)
FN:49,(anonymous_7)
FN:52,(anonymous_8)
FN:55,(anonymous_9)
FN:58,(anonymous_10)
FN:61,(anonymous_11)
FN:64,(anonymous_12)
FN:67,(anonymous_13)
FN:70,(anonymous_14)
FN:73,(anonymous_15)
FN:76,(anonymous_16)
FN:79,(anonymous_17)
FN:82,(anonymous_18)
FN:85,(anonymous_19)
FN:88,(anonymous_20)
FN:91,(anonymous_21)
FN:94,(anonymous_22)
FN:97,(anonymous_23)
FN:100,(anonymous_24)
FN:103,(anonymous_25)
FN:106,(anonymous_26)
FN:109,(anonymous_27)
FN:119,(anonymous_28)
FN:170,unitTestingTask
FN:198,(anonymous_30)
FN:219,(anonymous_31)
FN:249,(anonymous_32)
FN:253,(anonymous_33)
FN:261,(anonymous_34)
FN:275,(anonymous_35)
FN:276,(anonymous_36)
FN:307,(anonymous_37)
FN:317,(anonymous_38)
FN:335,(anonymous_39)
FNF:40
FNH:39
FNDA:1,(anonymous_0)
FNDA:0,(anonymous_1)
FNDA:1,(anonymous_2)
FNDA:16,leadingZeroes
FNDA:3,(anonymous_4)
FNDA:1,(anonymous_5)
FNDA:1,(anonymous_6)
FNDA:1,(anonymous_7)
FNDA:3,(anonymous_8)
FNDA:1,(anonymous_9)
FNDA:1,(anonymous_10)
FNDA:1,(anonymous_11)
FNDA:1,(anonymous_12)
FNDA:3,(anonymous_13)
FNDA:1,(anonymous_14)
FNDA:1,(anonymous_15)
FNDA:1,(anonymous_16)
FNDA:1,(anonymous_17)
FNDA:1,(anonymous_18)
FNDA:1,(anonymous_19)
FNDA:1,(anonymous_20)
FNDA:1,(anonymous_21)
FNDA:1,(anonymous_22)
FNDA:1,(anonymous_23)
FNDA:1,(anonymous_24)
FNDA:1,(anonymous_25)
FNDA:1,(anonymous_26)
FNDA:2,(anonymous_27)
FNDA:1,(anonymous_28)
FNDA:29,unitTestingTask
FNDA:31,(anonymous_30)
FNDA:15,(anonymous_31)
FNDA:1,(anonymous_32)
FNDA:1,(anonymous_33)
FNDA:2,(anonymous_34)
FNDA:5,(anonymous_35)
FNDA:1,(anonymous_36)
FNDA:5,(anonymous_37)
FNDA:1,(anonymous_38)
FNDA:1,(anonymous_39)
DA:1,1
DA:2,1
DA:3,0
DA:4,0
DA:6,1
DA:7,1
DA:9,0
DA:24,16
DA:25,16
DA:27,16
DA:28,0
DA:32,16
DA:34,16
DA:37,1
DA:39,1
DA:41,3
DA:44,1
DA:47,1
DA:50,1
DA:53,3
DA:56,1
DA:59,1
DA:62,1
DA:65,1
DA:68,3
DA:71,1
DA:74,1
DA:77,1
DA:80,1
DA:83,1
DA:86,1
DA:89,1
DA:92,1
DA:95,1
DA:98,1
DA:101,1
DA:104,1
DA:107,1
DA:110,2
DA:111,2
DA:112,2
DA:113,2
DA:115,2
DA:117,2
DA:120,1
DA:124,1
DA:125,1
DA:126,25
DA:127,25
DA:130,1
DA:171,29
DA:172,1
DA:175,28
DA:181,1
DA:187,27
DA:193,27
DA:195,27
DA:196,0
DA:198,27
DA:199,31
DA:209,1
DA:219,1
DA:220,15
DA:221,9
DA:224,6
DA:225,3
DA:226,1
DA:227,2
DA:228,2
DA:229,2
DA:230,1
DA:232,1
DA:235,2
DA:238,3
DA:239,3
DA:240,3
DA:244,1
DA:250,1
DA:254,1
DA:262,2
DA:263,1
DA:265,1
DA:275,1
DA:276,5
DA:277,1
DA:278,1
DA:287,1
DA:307,1
DA:308,5
DA:309,5
DA:317,1
DA:318,1
DA:322,1
DA:323,1
DA:324,1
DA:325,1
DA:328,1
DA:335,1
DA:336,1
DA:337,1
DA:340,1
LF:101
LH:96
BRDA:2,0,0,0
BRDA:2,0,1,1
BRDA:2,1,0,1
BRDA:2,1,1,0
BRDA:6,2,0,1
BRDA:6,2,1,0
BRDA:25,3,0,1
BRDA:25,3,1,15
BRDA:27,4,0,0
BRDA:27,4,1,16
BRDA:37,5,0,1
BRDA:37,5,1,1
BRDA:80,6,0,1
BRDA:80,6,1,0
BRDA:83,7,0,1
BRDA:83,7,1,0
BRDA:113,8,0,0
BRDA:113,8,1,2
BRDA:115,9,0,2
BRDA:115,9,1,1
BRDA:126,10,0,25
BRDA:126,10,1,0
BRDA:171,11,0,1
BRDA:171,11,1,28
BRDA:171,12,0,29
BRDA:171,12,1,28
BRDA:175,13,0,1
BRDA:175,13,1,27
BRDA:176,14,0,28
BRDA:176,14,1,28
BRDA:176,14,2,1
BRDA:176,14,3,1
BRDA:187,15,0,27
BRDA:187,15,1,0
BRDA:187,16,0,27
BRDA:187,16,1,27
BRDA:188,17,0,27
BRDA:188,17,1,0
BRDA:195,18,0,0
BRDA:195,18,1,27
BRDA:220,19,0,9
BRDA:220,19,1,6
BRDA:224,20,0,3
BRDA:224,20,1,3
BRDA:225,21,0,1
BRDA:225,21,1,2
BRDA:225,22,0,3
BRDA:225,22,1,1
BRDA:227,23,0,2
BRDA:227,23,1,0
BRDA:262,24,0,1
BRDA:262,24,1,1
BRDA:263,25,0,0
BRDA:263,25,1,1
BRDA:265,26,0,1
BRDA:265,26,1,0
BRDA:277,27,0,1
BRDA:277,27,1,1
BRDA:277,27,2,1
BRF:59
BRH:45
end_of_record
TN:
SF:lang/kk.js
FN:1,(anonymous_0)
FN:9,(anonymous_1)
FN:15,(anonymous_2)
FN:20,(anonymous_3)
FNF:4
FNH:2
FNDA:1,(anonymous_0)
FNDA:1,(anonymous_1)
FNDA:0,(anonymous_2)
FNDA:0,(anonymous_3)
DA:1,1
DA:2,1
DA:3,0
DA:4,1
DA:5,1
DA:7,0
DA:10,1
DA:16,0
DA:17,0
DA:21,0
LF:10
LH:5
BRDA:2,0,0,0
BRDA:2,0,1,1
BRDA:2,1,0,1
BRDA:2,1,1,0
BRDA:4,2,0,1
BRDA:4,2,1,0
BRDA:16,3,0,0
BRDA:16,3,1,0
BRF:8
BRH:3
end_of_record
